INFO: [VRFC 10-2263] Analyzing Verilog file "C:/Users/arun/Old Vivado/Crypt_2/Crypt_2.srcs/sources_1/new/CryptV.v" into library xil_defaultlib
INFO: [VRFC 10-311] analyzing module CryptV
INFO: [VRFC 10-2263] Analyzing SystemVerilog file "C:/Users/arun/Old Vivado/Crypt_2/Crypt_2.srcs/sources_1/new/Decryptor.sv" into library xil_defaultlib
INFO: [VRFC 10-311] analyzing module Decryptor
INFO: [VRFC 10-2263] Analyzing SystemVerilog file "C:/Users/arun/Old Vivado/Crypt_2/Crypt_2.srcs/sources_1/new/Encryptor.sv" into library xil_defaultlib
INFO: [VRFC 10-311] analyzing module Encryptor
INFO: [VRFC 10-2263] Analyzing SystemVerilog file "C:/Users/arun/Old Vivado/crypt_z2/crypt_z2.srcs/sources_1/new/Stage1.sv" into library xil_defaultlib
INFO: [VRFC 10-311] analyzing module Stage1
INFO: [VRFC 10-2263] Analyzing SystemVerilog file "C:/Users/arun/Old Vivado/crypt_z2/crypt_z2.srcs/sources_1/new/Stage2.sv" into library xil_defaultlib
INFO: [VRFC 10-311] analyzing module Stage2
INFO: [VRFC 10-2263] Analyzing SystemVerilog file "C:/Users/arun/Old Vivado/crypt_z2/crypt_z2.srcs/sources_1/new/Stage3.sv" into library xil_defaultlib
INFO: [VRFC 10-311] analyzing module Stage3
INFO: [VRFC 10-2263] Analyzing SystemVerilog file "C:/Users/arun/Old Vivado/crypt_z2/crypt_z2.srcs/sources_1/new/Stage4.sv" into library xil_defaultlib
INFO: [VRFC 10-311] analyzing module Stage4
INFO: [VRFC 10-2263] Analyzing SystemVerilog file "C:/Users/arun/Old Vivado/crypt_z2/crypt_z2.srcs/sources_1/new/Stage5.sv" into library xil_defaultlib
INFO: [VRFC 10-311] analyzing module Stage5
INFO: [VRFC 10-2263] Analyzing Verilog file "C:/Users/arun/Crypt/Crypt.srcs/sim_1/new/Crypt_tb.v" into library xil_defaultlib
INFO: [VRFC 10-311] analyzing module Crypt_Test
INFO: [VRFC 10-2263] Analyzing Verilog file "C:/Users/arun/Crypt/Crypt.sim/sim_1/behav/xsim/glbl.v" into library xil_defaultlib
INFO: [VRFC 10-311] analyzing module glbl
